SF:lib\features\profile\data\datasources\remote_datasource.dart
DA:10,1
DA:12,1
DA:13,2
DA:15,1
DA:16,1
DA:17,1
DA:20,1
DA:22,1
DA:23,2
DA:25,1
DA:26,1
DA:27,1
LF:12
LH:12
end_of_record
SF:lib\features\profile\data\models\profile_model.dart
DA:8,1
DA:14,1
DA:15,1
DA:20,1
DA:21,1
DA:22,1
DA:23,1
DA:24,1
DA:25,1
DA:26,1
DA:31,1
DA:32,1
DA:33,1
DA:34,1
DA:35,1
DA:36,1
DA:37,1
DA:42,1
DA:43,1
DA:54,4
LF:20
LH:20
end_of_record
SF:lib\features\profile\domain\entities\profile.dart
DA:9,1
DA:16,0
DA:17,0
DA:18,0
DA:19,0
DA:20,0
DA:21,0
LF:7
LH:1
end_of_record
